<?xml version="1.0" encoding="UTF-8"?>
<testsuite name="models.AnimalTest" tests="1" skipped="0" failures="0" errors="0" timestamp="2019-11-24T20:05:44" hostname="BOSON" time="0.002">
  <properties/>
  <testcase name="animal_instantiatesCorrectly_true" classname="models.AnimalTest" time="0.002"/>
  <system-out><![CDATA[]]></system-out>
  <system-err><![CDATA[]]></system-err>
</testsuite>
